[2021-11-07 11:34:43] Текст ошибки: Undefined variable $test | Файл: D:\Server538\OpenServer\domains\new-ishop.loc\public\index.php | Строка: 13
=================
[2021-11-07 11:35:31] Текст ошибки: Undefined variable $test | Файл: D:\Server538\OpenServer\domains\new-ishop.loc\public\index.php | Строка: 13
=================
[2021-11-07 11:35:49] Текст ошибки: Возникла ошибочка! | Файл: D:\Server538\OpenServer\domains\new-ishop.loc\public\index.php | Строка: 11
=================
[2021-11-07 11:39:43] Текст ошибки: Возникла ошибочка! | Файл: D:\Server538\OpenServer\domains\new-ishop.loc\public\index.php | Строка: 11
=================
[2021-11-07 13:53:27] Текст ошибки: Страница не найдена | Файл: D:\Server538\OpenServer\domains\new-ishop.loc\vendor\wfm\Router.php | Строка: 35
=================
[2021-11-07 13:59:20] Текст ошибки: Контроллер app\controllers\PageController не найден | Файл: D:\Server538\OpenServer\domains\new-ishop.loc\vendor\wfm\Router.php | Строка: 38
=================
[2021-11-07 14:01:07] Текст ошибки: Контроллер app\controllers\PageController не найден | Файл: D:\Server538\OpenServer\domains\new-ishop.loc\vendor\wfm\Router.php | Строка: 42
=================
[2021-11-07 14:01:12] Текст ошибки: Контроллер app\controllers\MainController не найден | Файл: D:\Server538\OpenServer\domains\new-ishop.loc\vendor\wfm\Router.php | Строка: 42
=================
[2021-11-07 14:01:30] Текст ошибки: Контроллер app\controllers\MainController не найден | Файл: D:\Server538\OpenServer\domains\new-ishop.loc\vendor\wfm\Router.php | Строка: 42
=================
[2021-11-07 14:01:45] Текст ошибки: Метод app\controllers\MainController::indexAction не найден | Файл: D:\Server538\OpenServer\domains\new-ishop.loc\vendor\wfm\Router.php | Строка: 39
=================
[2021-11-07 14:02:51] Текст ошибки: Контроллер app\controllers\PageController не найден | Файл: D:\Server538\OpenServer\domains\new-ishop.loc\vendor\wfm\Router.php | Строка: 42
=================
[2021-11-07 14:03:02] Текст ошибки: Метод app\controllers\PageController::viewAction не найден | Файл: D:\Server538\OpenServer\domains\new-ishop.loc\vendor\wfm\Router.php | Строка: 39
=================
[2021-11-07 14:03:34] Текст ошибки: Контроллер app\controllers\admin\MainController не найден | Файл: D:\Server538\OpenServer\domains\new-ishop.loc\vendor\wfm\Router.php | Строка: 42
=================
[2021-11-07 14:04:08] Текст ошибки: Метод app\controllers\admin\MainController::indexAction не найден | Файл: D:\Server538\OpenServer\domains\new-ishop.loc\vendor\wfm\Router.php | Строка: 39
=================
[2021-11-07 14:05:38] Текст ошибки: Страница не найдена | Файл: D:\Server538\OpenServer\domains\new-ishop.loc\vendor\wfm\Router.php | Строка: 46
=================
[2021-11-08 13:22:24] Текст ошибки: Страница не найдена | Файл: D:\Server538\OpenServer\domains\new-ishop.loc\vendor\wfm\Router.php | Строка: 46
=================
[2021-11-08 13:23:12] Текст ошибки: Страница не найдена | Файл: D:\Server538\OpenServer\domains\new-ishop.loc\vendor\wfm\Router.php | Строка: 46
=================
[2021-11-08 13:25:52] Текст ошибки: Страница не найдена | Файл: D:\Server538\OpenServer\domains\new-ishop.loc\vendor\wfm\Router.php | Строка: 46
=================
[2021-11-08 13:26:06] Текст ошибки: Страница не найдена | Файл: D:\Server538\OpenServer\domains\new-ishop.loc\vendor\wfm\Router.php | Строка: 46
=================
[2021-11-08 13:26:15] Текст ошибки: Метод app\controllers\PageController::viewsAction не найден | Файл: D:\Server538\OpenServer\domains\new-ishop.loc\vendor\wfm\Router.php | Строка: 39
=================
[2021-11-08 13:26:37] Текст ошибки: Страница не найдена | Файл: D:\Server538\OpenServer\domains\new-ishop.loc\vendor\wfm\Router.php | Строка: 46
=================
[2021-11-08 13:28:11] Текст ошибки: Страница не найдена | Файл: D:\Server538\OpenServer\domains\new-ishop.loc\vendor\wfm\Router.php | Строка: 46
=================
[2021-11-08 13:28:44] Текст ошибки: Страница не найдена | Файл: D:\Server538\OpenServer\domains\new-ishop.loc\vendor\wfm\Router.php | Строка: 46
=================
[2021-11-08 13:29:08] Текст ошибки: Страница не найдена | Файл: D:\Server538\OpenServer\domains\new-ishop.loc\vendor\wfm\Router.php | Строка: 46
=================
[2021-11-08 13:55:38] Текст ошибки: Страница не найдена | Файл: D:\Server538\OpenServer\domains\new-ishop.loc\vendor\wfm\Router.php | Строка: 62
=================
[2021-11-08 14:16:18] Текст ошибки: Call to undefined method app\controllers\admin\MainController::getModel() | Файл: D:\Server538\OpenServer\domains\new-ishop.loc\vendor\wfm\Router.php | Строка: 49
=================
[2021-11-08 14:16:25] Текст ошибки: Call to undefined method app\controllers\admin\MainController::getModel() | Файл: D:\Server538\OpenServer\domains\new-ishop.loc\vendor\wfm\Router.php | Строка: 49
=================
[2021-11-08 14:22:07] Текст ошибки: Не найден вид D:\Server538\OpenServer\domains\new-ishop.loc/app/view/Main/index.php | Файл: D:\Server538\OpenServer\domains\new-ishop.loc\vendor\wfm\View.php | Строка: 34
=================
[2021-11-08 14:22:23] Текст ошибки: Не найден вид D:\Server538\OpenServer\domains\new-ishop.loc/app/view/Main/index.php | Файл: D:\Server538\OpenServer\domains\new-ishop.loc\vendor\wfm\View.php | Строка: 34
=================
[2021-11-08 14:22:34] Текст ошибки: Не найден вид D:\Server538\OpenServer\domains\new-ishop.loc/app/view/Main/index.php | Файл: D:\Server538\OpenServer\domains\new-ishop.loc\vendor\wfm\View.php | Строка: 34
=================
[2021-11-08 14:23:12] Текст ошибки: Не найден вид D:\Server538\OpenServer\domains\new-ishop.loc/app/view/Main/index.php | Файл: D:\Server538\OpenServer\domains\new-ishop.loc\vendor\wfm\View.php | Строка: 34
=================
[2021-11-08 14:26:26] Текст ошибки: Не найден шаблон D:\Server538\OpenServer\domains\new-ishop.loc/app/views/layouts/ishop.php | Файл: D:\Server538\OpenServer\domains\new-ishop.loc\vendor\wfm\View.php | Строка: 44
=================
[2021-11-08 14:26:52] Текст ошибки: Не найден шаблон D:\Server538\OpenServer\domains\new-ishop.loc/app/views/layouts/test.php | Файл: D:\Server538\OpenServer\domains\new-ishop.loc\vendor\wfm\View.php | Строка: 44
=================
[2021-11-08 14:27:32] Текст ошибки: Не найден шаблон D:\Server538\OpenServer\domains\new-ishop.loc/app/views/layouts/test2.php | Файл: D:\Server538\OpenServer\domains\new-ishop.loc\vendor\wfm\View.php | Строка: 44
=================
[2021-11-08 14:27:47] Текст ошибки: Не найден шаблон D:\Server538\OpenServer\domains\new-ishop.loc/app/views/layouts/ishop.php | Файл: D:\Server538\OpenServer\domains\new-ishop.loc\vendor\wfm\View.php | Строка: 44
=================
[2021-11-09 11:10:11] Текст ошибки: Страница не найдена | Файл: D:\Server538\OpenServer\domains\new-ishop.loc\vendor\wfm\Router.php | Строка: 63
=================
[2021-11-09 11:10:34] Текст ошибки: Undefined variable $test | Файл: D:\Server538\OpenServer\domains\new-ishop.loc\app\views\Main\index.php | Строка: 2
=================
[2021-11-09 11:10:56] Текст ошибки: Страница не найдена | Файл: D:\Server538\OpenServer\domains\new-ishop.loc\vendor\wfm\Router.php | Строка: 63
=================
[2021-11-09 11:12:33] Текст ошибки: Страница не найдена | Файл: D:\Server538\OpenServer\domains\new-ishop.loc\vendor\wfm\Router.php | Строка: 63
=================
[2021-11-09 11:18:15] Текст ошибки: Страница не найдена | Файл: D:\Server538\OpenServer\domains\new-ishop.loc\vendor\wfm\Router.php | Строка: 63
=================
[2021-11-09 11:19:00] Текст ошибки: Страница не найдена | Файл: D:\Server538\OpenServer\domains\new-ishop.loc\vendor\wfm\Router.php | Строка: 63
=================
[2021-11-09 11:19:37] Текст ошибки: Страница не найдена | Файл: D:\Server538\OpenServer\domains\new-ishop.loc\vendor\wfm\Router.php | Строка: 63
=================
[2021-11-09 11:19:50] Текст ошибки: Страница не найдена | Файл: D:\Server538\OpenServer\domains\new-ishop.loc\vendor\wfm\Router.php | Строка: 63
=================
[2021-11-09 11:20:12] Текст ошибки: Страница не найдена | Файл: D:\Server538\OpenServer\domains\new-ishop.loc\vendor\wfm\Router.php | Строка: 63
=================
[2021-11-09 11:22:30] Текст ошибки: Страница не найдена | Файл: D:\Server538\OpenServer\domains\new-ishop.loc\vendor\wfm\Router.php | Строка: 63
=================
[2021-11-09 11:24:34] Текст ошибки: Undefined variable $test | Файл: D:\Server538\OpenServer\domains\new-ishop.loc\app\views\Main\index.php | Строка: 3
=================
[2021-11-09 11:25:02] Текст ошибки: Страница не найдена | Файл: D:\Server538\OpenServer\domains\new-ishop.loc\vendor\wfm\Router.php | Строка: 63
=================
[2021-11-09 11:25:32] Текст ошибки: Страница не найдена | Файл: D:\Server538\OpenServer\domains\new-ishop.loc\vendor\wfm\Router.php | Строка: 63
=================
[2021-11-09 11:26:49] Текст ошибки: Страница не найдена | Файл: D:\Server538\OpenServer\domains\new-ishop.loc\vendor\wfm\Router.php | Строка: 63
=================
[2021-11-09 11:27:19] Текст ошибки: Страница не найдена | Файл: D:\Server538\OpenServer\domains\new-ishop.loc\vendor\wfm\Router.php | Строка: 63
=================
[2021-11-09 11:53:45] Текст ошибки: Call to a member function find() on null | Файл: D:\Server538\OpenServer\domains\new-ishop.loc\vendor\gabordemooij\redbean\RedBeanPHP\Facade.php | Строка: 1010
=================
[2021-11-09 11:53:45] Текст ошибки: Страница не найдена | Файл: D:\Server538\OpenServer\domains\new-ishop.loc\vendor\wfm\Router.php | Строка: 63
=================
[2021-11-09 11:56:04] Текст ошибки: Typed property wfm\Controller::$model must not be accessed before initialization | Файл: D:\Server538\OpenServer\domains\new-ishop.loc\app\controllers\MainController.php | Строка: 15
=================
[2021-11-09 11:57:39] Текст ошибки: Typed property wfm\Controller::$model must not be accessed before initialization | Файл: D:\Server538\OpenServer\domains\new-ishop.loc\app\controllers\MainController.php | Строка: 17
=================
[2021-11-09 11:58:10] Текст ошибки: Typed property wfm\Controller::$model must not be accessed before initialization | Файл: D:\Server538\OpenServer\domains\new-ishop.loc\app\controllers\MainController.php | Строка: 17
=================
[2021-11-09 11:58:44] Текст ошибки: compact(): Undefined variable $names | Файл: D:\Server538\OpenServer\domains\new-ishop.loc\app\controllers\MainController.php | Строка: 21
=================
[2021-11-09 19:27:10] Текст ошибки: Страница не найдена | Файл: D:\Server538\OpenServer\domains\new-ishop.loc\vendor\wfm\Router.php | Строка: 63
=================
[2021-11-09 19:35:54] Текст ошибки: Страница не найдена | Файл: D:\Server538\OpenServer\domains\new-ishop.loc\vendor\wfm\Router.php | Строка: 63
=================
[2024-09-23 07:53:27] Текст ошибки: No connection to DB | Файл: /Applications/MAMP/htdocs/new-ishop.loc/vendor/wfm/Db.php | Строка: 19
=================
[2024-09-23 08:15:14] Текст ошибки: No connection to DB | Файл: /Applications/MAMP/htdocs/new-ishop.loc/vendor/wfm/Db.php | Строка: 19
=================
[2024-09-23 08:15:15] Текст ошибки: No connection to DB | Файл: /Applications/MAMP/htdocs/new-ishop.loc/vendor/wfm/Db.php | Строка: 19
=================
[2024-09-23 08:15:15] Текст ошибки: No connection to DB | Файл: /Applications/MAMP/htdocs/new-ishop.loc/vendor/wfm/Db.php | Строка: 19
=================
[2024-09-23 08:15:16] Текст ошибки: No connection to DB | Файл: /Applications/MAMP/htdocs/new-ishop.loc/vendor/wfm/Db.php | Строка: 19
=================
[2024-09-23 08:15:17] Текст ошибки: No connection to DB | Файл: /Applications/MAMP/htdocs/new-ishop.loc/vendor/wfm/Db.php | Строка: 19
=================
[2024-09-23 08:15:21] Текст ошибки: No connection to DB | Файл: /Applications/MAMP/htdocs/new-ishop.loc/vendor/wfm/Db.php | Строка: 19
=================
[2024-09-23 08:15:44] Текст ошибки: No connection to DB | Файл: /Applications/MAMP/htdocs/new-ishop.loc/vendor/wfm/Db.php | Строка: 19
=================
[2024-09-23 08:20:05] Текст ошибки: syntax error, unexpected token "=", expecting "]" | Файл: /Applications/MAMP/htdocs/new-ishop.loc/config/config_db.php | Строка: 7
=================
[2024-09-23 08:20:07] Текст ошибки: syntax error, unexpected token "=", expecting "]" | Файл: /Applications/MAMP/htdocs/new-ishop.loc/config/config_db.php | Строка: 7
=================
[2024-09-23 08:24:29] Текст ошибки: No connection to DB | Файл: /Applications/MAMP/htdocs/new-ishop.loc/vendor/wfm/Db.php | Строка: 19
=================
[2024-09-23 08:24:30] Текст ошибки: No connection to DB | Файл: /Applications/MAMP/htdocs/new-ishop.loc/vendor/wfm/Db.php | Строка: 19
=================
[2024-09-23 08:24:31] Текст ошибки: No connection to DB | Файл: /Applications/MAMP/htdocs/new-ishop.loc/vendor/wfm/Db.php | Строка: 19
=================
[2024-09-23 08:24:31] Текст ошибки: No connection to DB | Файл: /Applications/MAMP/htdocs/new-ishop.loc/vendor/wfm/Db.php | Строка: 19
=================
[2024-09-23 08:24:31] Текст ошибки: No connection to DB | Файл: /Applications/MAMP/htdocs/new-ishop.loc/vendor/wfm/Db.php | Строка: 19
=================
[2024-09-23 08:24:32] Текст ошибки: No connection to DB | Файл: /Applications/MAMP/htdocs/new-ishop.loc/vendor/wfm/Db.php | Строка: 19
=================
[2024-09-23 08:24:32] Текст ошибки: No connection to DB | Файл: /Applications/MAMP/htdocs/new-ishop.loc/vendor/wfm/Db.php | Строка: 19
=================
[2024-09-23 08:24:32] Текст ошибки: No connection to DB | Файл: /Applications/MAMP/htdocs/new-ishop.loc/vendor/wfm/Db.php | Строка: 19
=================
[2024-09-23 08:24:32] Текст ошибки: No connection to DB | Файл: /Applications/MAMP/htdocs/new-ishop.loc/vendor/wfm/Db.php | Строка: 19
=================
[2024-09-23 08:24:32] Текст ошибки: No connection to DB | Файл: /Applications/MAMP/htdocs/new-ishop.loc/vendor/wfm/Db.php | Строка: 19
=================
[2024-09-23 08:24:33] Текст ошибки: No connection to DB | Файл: /Applications/MAMP/htdocs/new-ishop.loc/vendor/wfm/Db.php | Строка: 19
=================
[2024-09-23 08:24:33] Текст ошибки: No connection to DB | Файл: /Applications/MAMP/htdocs/new-ishop.loc/vendor/wfm/Db.php | Строка: 19
=================
[2024-09-23 08:24:34] Текст ошибки: No connection to DB | Файл: /Applications/MAMP/htdocs/new-ishop.loc/vendor/wfm/Db.php | Строка: 19
=================
[2024-09-23 08:27:56] Текст ошибки: No connection to DB | Файл: /Applications/MAMP/htdocs/new-ishop.loc/vendor/wfm/Db.php | Строка: 19
=================
[2024-09-23 08:27:57] Текст ошибки: No connection to DB | Файл: /Applications/MAMP/htdocs/new-ishop.loc/vendor/wfm/Db.php | Строка: 19
=================
[2024-09-23 08:29:50] Текст ошибки: No connection to DB | Файл: /Applications/MAMP/htdocs/new-ishop.loc/vendor/wfm/Db.php | Строка: 19
=================
[2024-09-23 08:29:51] Текст ошибки: No connection to DB | Файл: /Applications/MAMP/htdocs/new-ishop.loc/vendor/wfm/Db.php | Строка: 19
=================
[2024-09-23 08:29:51] Текст ошибки: No connection to DB | Файл: /Applications/MAMP/htdocs/new-ishop.loc/vendor/wfm/Db.php | Строка: 19
=================
[2024-09-23 08:29:51] Текст ошибки: No connection to DB | Файл: /Applications/MAMP/htdocs/new-ishop.loc/vendor/wfm/Db.php | Строка: 19
=================
[2024-09-23 08:29:51] Текст ошибки: No connection to DB | Файл: /Applications/MAMP/htdocs/new-ishop.loc/vendor/wfm/Db.php | Строка: 19
=================
[2024-09-23 08:29:52] Текст ошибки: No connection to DB | Файл: /Applications/MAMP/htdocs/new-ishop.loc/vendor/wfm/Db.php | Строка: 19
=================
[2024-09-23 08:29:52] Текст ошибки: No connection to DB | Файл: /Applications/MAMP/htdocs/new-ishop.loc/vendor/wfm/Db.php | Строка: 19
=================
[2024-09-23 08:30:36] Текст ошибки: No connection to DB | Файл: /Applications/MAMP/htdocs/new-ishop.loc/vendor/wfm/Db.php | Строка: 19
=================
[2024-09-23 08:38:02] Текст ошибки: Undefined array key "db_port" | Файл: /Applications/MAMP/htdocs/new-ishop.loc/vendor/wfm/Db.php | Строка: 17
=================
[2024-09-23 08:38:04] Текст ошибки: Undefined array key "db_port" | Файл: /Applications/MAMP/htdocs/new-ishop.loc/vendor/wfm/Db.php | Строка: 17
=================
[2024-09-23 08:38:04] Текст ошибки: Undefined array key "db_port" | Файл: /Applications/MAMP/htdocs/new-ishop.loc/vendor/wfm/Db.php | Строка: 17
=================
[2024-09-23 08:40:29] Текст ошибки: No connection to DB | Файл: /Applications/MAMP/htdocs/new-ishop.loc/vendor/wfm/Db.php | Строка: 19
=================
[2024-09-23 08:40:31] Текст ошибки: No connection to DB | Файл: /Applications/MAMP/htdocs/new-ishop.loc/vendor/wfm/Db.php | Строка: 19
=================
[2024-09-23 08:42:42] Текст ошибки: No connection to DB | Файл: /Applications/MAMP/htdocs/new-ishop.loc/vendor/wfm/Db.php | Строка: 19
=================
[2024-09-23 08:42:43] Текст ошибки: No connection to DB | Файл: /Applications/MAMP/htdocs/new-ishop.loc/vendor/wfm/Db.php | Строка: 19
=================
[2024-09-23 08:42:44] Текст ошибки: No connection to DB | Файл: /Applications/MAMP/htdocs/new-ishop.loc/vendor/wfm/Db.php | Строка: 19
=================
[2024-09-23 08:42:44] Текст ошибки: No connection to DB | Файл: /Applications/MAMP/htdocs/new-ishop.loc/vendor/wfm/Db.php | Строка: 19
=================
[2024-09-23 08:42:44] Текст ошибки: No connection to DB | Файл: /Applications/MAMP/htdocs/new-ishop.loc/vendor/wfm/Db.php | Строка: 19
=================
[2024-09-23 08:42:44] Текст ошибки: No connection to DB | Файл: /Applications/MAMP/htdocs/new-ishop.loc/vendor/wfm/Db.php | Строка: 19
=================
[2024-09-23 08:42:45] Текст ошибки: No connection to DB | Файл: /Applications/MAMP/htdocs/new-ishop.loc/vendor/wfm/Db.php | Строка: 19
=================
[2024-09-23 08:42:45] Текст ошибки: No connection to DB | Файл: /Applications/MAMP/htdocs/new-ishop.loc/vendor/wfm/Db.php | Строка: 19
=================
[2024-09-23 08:42:45] Текст ошибки: No connection to DB | Файл: /Applications/MAMP/htdocs/new-ishop.loc/vendor/wfm/Db.php | Строка: 19
=================
[2024-09-23 08:42:45] Текст ошибки: No connection to DB | Файл: /Applications/MAMP/htdocs/new-ishop.loc/vendor/wfm/Db.php | Строка: 19
=================
[2024-09-23 08:42:46] Текст ошибки: No connection to DB | Файл: /Applications/MAMP/htdocs/new-ishop.loc/vendor/wfm/Db.php | Строка: 19
=================
[2024-09-23 08:42:46] Текст ошибки: No connection to DB | Файл: /Applications/MAMP/htdocs/new-ishop.loc/vendor/wfm/Db.php | Строка: 19
=================
[2024-09-23 08:42:46] Текст ошибки: No connection to DB | Файл: /Applications/MAMP/htdocs/new-ishop.loc/vendor/wfm/Db.php | Строка: 19
=================
[2024-09-23 08:42:46] Текст ошибки: No connection to DB | Файл: /Applications/MAMP/htdocs/new-ishop.loc/vendor/wfm/Db.php | Строка: 19
=================
[2024-09-23 08:43:02] Текст ошибки: No connection to DB | Файл: /Applications/MAMP/htdocs/new-ishop.loc/vendor/wfm/Db.php | Строка: 19
=================
[2024-09-23 09:00:12] Текст ошибки: No connection to DB | Файл: /Applications/MAMP/htdocs/new-ishop.loc/vendor/wfm/Db.php | Строка: 19
=================
[2024-09-23 09:00:13] Текст ошибки: No connection to DB | Файл: /Applications/MAMP/htdocs/new-ishop.loc/vendor/wfm/Db.php | Строка: 19
=================
[2024-09-23 09:00:13] Текст ошибки: No connection to DB | Файл: /Applications/MAMP/htdocs/new-ishop.loc/vendor/wfm/Db.php | Строка: 19
=================
[2024-09-23 09:00:13] Текст ошибки: No connection to DB | Файл: /Applications/MAMP/htdocs/new-ishop.loc/vendor/wfm/Db.php | Строка: 19
=================
[2024-09-23 09:00:14] Текст ошибки: No connection to DB | Файл: /Applications/MAMP/htdocs/new-ishop.loc/vendor/wfm/Db.php | Строка: 19
=================
[2024-09-23 09:00:14] Текст ошибки: No connection to DB | Файл: /Applications/MAMP/htdocs/new-ishop.loc/vendor/wfm/Db.php | Строка: 19
=================
[2024-09-23 09:00:14] Текст ошибки: No connection to DB | Файл: /Applications/MAMP/htdocs/new-ishop.loc/vendor/wfm/Db.php | Строка: 19
=================
[2024-09-23 09:10:28] Текст ошибки: Class "wfm\PDO" not found | Файл: /Applications/MAMP/htdocs/new-ishop.loc/vendor/wfm/Db.php | Строка: 19
=================
[2024-09-23 09:11:24] Текст ошибки: SQLSTATE[HY000] [2002] php_network_getaddresses: getaddrinfo for HOSTNAME failed: nodename nor servname provided, or not known | Файл: /Applications/MAMP/htdocs/new-ishop.loc/vendor/wfm/Db.php | Строка: 20
=================
[2024-09-23 09:16:37] Текст ошибки: syntax error, unexpected token "=", expecting "]" | Файл: /Applications/MAMP/htdocs/new-ishop.loc/config/config_db.php | Строка: 8
=================
[2024-09-23 09:18:31] Текст ошибки: Undefined array key "db_port" | Файл: /Applications/MAMP/htdocs/new-ishop.loc/vendor/wfm/Db.php | Строка: 18
=================
[2024-09-23 09:18:32] Текст ошибки: Undefined array key "db_port" | Файл: /Applications/MAMP/htdocs/new-ishop.loc/vendor/wfm/Db.php | Строка: 18
=================
[2024-09-23 09:18:33] Текст ошибки: Undefined array key "db_port" | Файл: /Applications/MAMP/htdocs/new-ishop.loc/vendor/wfm/Db.php | Строка: 18
=================
[2024-09-23 09:18:34] Текст ошибки: Undefined array key "db_port" | Файл: /Applications/MAMP/htdocs/new-ishop.loc/vendor/wfm/Db.php | Строка: 18
=================
[2024-09-23 09:18:34] Текст ошибки: Undefined array key "db_port" | Файл: /Applications/MAMP/htdocs/new-ishop.loc/vendor/wfm/Db.php | Строка: 18
=================
[2024-09-23 09:18:35] Текст ошибки: Undefined array key "db_port" | Файл: /Applications/MAMP/htdocs/new-ishop.loc/vendor/wfm/Db.php | Строка: 18
=================
[2024-09-23 09:18:35] Текст ошибки: Undefined array key "db_port" | Файл: /Applications/MAMP/htdocs/new-ishop.loc/vendor/wfm/Db.php | Строка: 18
=================
[2024-09-23 09:18:35] Текст ошибки: Undefined array key "db_port" | Файл: /Applications/MAMP/htdocs/new-ishop.loc/vendor/wfm/Db.php | Строка: 18
=================
[2024-09-23 09:18:35] Текст ошибки: Undefined array key "db_port" | Файл: /Applications/MAMP/htdocs/new-ishop.loc/vendor/wfm/Db.php | Строка: 18
=================
[2024-09-23 09:19:26] Текст ошибки: Undefined array key "db_port" | Файл: /Applications/MAMP/htdocs/new-ishop.loc/vendor/wfm/Db.php | Строка: 18
=================
[2024-09-23 09:19:27] Текст ошибки: Undefined array key "db_port" | Файл: /Applications/MAMP/htdocs/new-ishop.loc/vendor/wfm/Db.php | Строка: 18
=================
[2024-09-23 09:19:27] Текст ошибки: Undefined array key "db_port" | Файл: /Applications/MAMP/htdocs/new-ishop.loc/vendor/wfm/Db.php | Строка: 18
=================
[2024-09-23 09:19:27] Текст ошибки: Undefined array key "db_port" | Файл: /Applications/MAMP/htdocs/new-ishop.loc/vendor/wfm/Db.php | Строка: 18
=================
[2024-09-23 09:19:28] Текст ошибки: Undefined array key "db_port" | Файл: /Applications/MAMP/htdocs/new-ishop.loc/vendor/wfm/Db.php | Строка: 18
=================
[2024-09-23 09:22:44] Текст ошибки: Trying to access array offset on value of type int | Файл: /Applications/MAMP/htdocs/new-ishop.loc/vendor/wfm/Db.php | Строка: 18
=================
[2024-09-23 09:35:31] Текст ошибки: mysqli::__construct(): Argument #5 ($port) must be of type ?int, string given | Файл: /Applications/MAMP/htdocs/new-ishop.loc/config/config_db.php | Строка: 9
=================
[2024-09-23 09:35:33] Текст ошибки: mysqli::__construct(): Argument #5 ($port) must be of type ?int, string given | Файл: /Applications/MAMP/htdocs/new-ishop.loc/config/config_db.php | Строка: 9
=================
[2024-09-23 09:35:34] Текст ошибки: mysqli::__construct(): Argument #5 ($port) must be of type ?int, string given | Файл: /Applications/MAMP/htdocs/new-ishop.loc/config/config_db.php | Строка: 9
=================
[2024-09-23 09:35:35] Текст ошибки: mysqli::__construct(): Argument #5 ($port) must be of type ?int, string given | Файл: /Applications/MAMP/htdocs/new-ishop.loc/config/config_db.php | Строка: 9
=================
[2024-09-23 09:35:37] Текст ошибки: mysqli::__construct(): Argument #5 ($port) must be of type ?int, string given | Файл: /Applications/MAMP/htdocs/new-ishop.loc/config/config_db.php | Строка: 9
=================
[2024-09-23 09:38:08] Текст ошибки: mysqli::__construct(): Argument #5 ($port) must be of type ?int, string given | Файл: /Applications/MAMP/htdocs/new-ishop.loc/config/config_db.php | Строка: 9
=================
[2024-09-23 09:38:08] Текст ошибки: mysqli::__construct(): Argument #5 ($port) must be of type ?int, string given | Файл: /Applications/MAMP/htdocs/new-ishop.loc/config/config_db.php | Строка: 9
=================
[2024-09-23 09:38:09] Текст ошибки: mysqli::__construct(): Argument #5 ($port) must be of type ?int, string given | Файл: /Applications/MAMP/htdocs/new-ishop.loc/config/config_db.php | Строка: 9
=================
[2024-09-23 09:38:10] Текст ошибки: mysqli::__construct(): Argument #5 ($port) must be of type ?int, string given | Файл: /Applications/MAMP/htdocs/new-ishop.loc/config/config_db.php | Строка: 9
=================
[2024-09-23 09:38:10] Текст ошибки: mysqli::__construct(): Argument #5 ($port) must be of type ?int, string given | Файл: /Applications/MAMP/htdocs/new-ishop.loc/config/config_db.php | Строка: 9
=================
[2024-09-23 09:38:10] Текст ошибки: mysqli::__construct(): Argument #5 ($port) must be of type ?int, string given | Файл: /Applications/MAMP/htdocs/new-ishop.loc/config/config_db.php | Строка: 9
=================
[2024-09-23 09:38:10] Текст ошибки: mysqli::__construct(): Argument #5 ($port) must be of type ?int, string given | Файл: /Applications/MAMP/htdocs/new-ishop.loc/config/config_db.php | Строка: 9
=================
[2024-09-23 09:38:10] Текст ошибки: mysqli::__construct(): Argument #5 ($port) must be of type ?int, string given | Файл: /Applications/MAMP/htdocs/new-ishop.loc/config/config_db.php | Строка: 9
=================
[2024-09-23 09:38:11] Текст ошибки: mysqli::__construct(): Argument #5 ($port) must be of type ?int, string given | Файл: /Applications/MAMP/htdocs/new-ishop.loc/config/config_db.php | Строка: 9
=================
[2024-09-23 09:38:11] Текст ошибки: mysqli::__construct(): Argument #5 ($port) must be of type ?int, string given | Файл: /Applications/MAMP/htdocs/new-ishop.loc/config/config_db.php | Строка: 9
=================
[2024-09-23 09:41:00] Текст ошибки: mysqli::__construct(): Argument #5 ($port) must be of type ?int, string given | Файл: /Applications/MAMP/htdocs/new-ishop.loc/config/config_db.php | Строка: 9
=================
[2024-09-23 09:41:00] Текст ошибки: mysqli::__construct(): Argument #5 ($port) must be of type ?int, string given | Файл: /Applications/MAMP/htdocs/new-ishop.loc/config/config_db.php | Строка: 9
=================
[2024-09-23 09:41:01] Текст ошибки: mysqli::__construct(): Argument #5 ($port) must be of type ?int, string given | Файл: /Applications/MAMP/htdocs/new-ishop.loc/config/config_db.php | Строка: 9
=================
[2024-09-23 09:41:02] Текст ошибки: mysqli::__construct(): Argument #5 ($port) must be of type ?int, string given | Файл: /Applications/MAMP/htdocs/new-ishop.loc/config/config_db.php | Строка: 9
=================
[2024-09-23 09:41:02] Текст ошибки: mysqli::__construct(): Argument #5 ($port) must be of type ?int, string given | Файл: /Applications/MAMP/htdocs/new-ishop.loc/config/config_db.php | Строка: 9
=================
[2024-09-23 09:41:03] Текст ошибки: mysqli::__construct(): Argument #5 ($port) must be of type ?int, string given | Файл: /Applications/MAMP/htdocs/new-ishop.loc/config/config_db.php | Строка: 9
=================
[2024-09-23 09:41:49] Текст ошибки: mysqli::__construct(): Argument #5 ($port) must be of type ?int, string given | Файл: /Applications/MAMP/htdocs/new-ishop.loc/config/config_db.php | Строка: 9
=================
[2024-09-23 09:44:08] Текст ошибки: No connection to DB | Файл: /Applications/MAMP/htdocs/new-ishop.loc/vendor/wfm/Db.php | Строка: 19
=================
[2024-09-23 09:44:09] Текст ошибки: No connection to DB | Файл: /Applications/MAMP/htdocs/new-ishop.loc/vendor/wfm/Db.php | Строка: 19
=================
[2024-09-23 09:47:07] Текст ошибки: No connection to DB | Файл: /Applications/MAMP/htdocs/new-ishop.loc/vendor/wfm/Db.php | Строка: 19
=================
[2024-09-23 09:59:40] Текст ошибки: Undefined array key "db_port" | Файл: /Applications/MAMP/htdocs/new-ishop.loc/vendor/wfm/Db.php | Строка: 17
=================
[2024-09-23 09:59:41] Текст ошибки: Undefined array key "db_port" | Файл: /Applications/MAMP/htdocs/new-ishop.loc/vendor/wfm/Db.php | Строка: 17
=================
[2024-09-23 10:00:40] Текст ошибки: syntax error, unexpected token "=", expecting "]" | Файл: /Applications/MAMP/htdocs/new-ishop.loc/config/config_db.php | Строка: 8
=================
[2024-09-23 10:01:49] Текст ошибки: Undefined array key "db_port" | Файл: /Applications/MAMP/htdocs/new-ishop.loc/vendor/wfm/Db.php | Строка: 17
=================
[2024-09-23 10:05:24] Текст ошибки: Undefined array key "db_port" | Файл: /Applications/MAMP/htdocs/new-ishop.loc/vendor/wfm/Db.php | Строка: 17
=================
[2024-09-23 10:05:25] Текст ошибки: Undefined array key "db_port" | Файл: /Applications/MAMP/htdocs/new-ishop.loc/vendor/wfm/Db.php | Строка: 17
=================
[2024-09-23 10:05:26] Текст ошибки: Undefined array key "db_port" | Файл: /Applications/MAMP/htdocs/new-ishop.loc/vendor/wfm/Db.php | Строка: 17
=================
[2024-09-23 10:06:06] Текст ошибки: Undefined array key "$db_port" | Файл: /Applications/MAMP/htdocs/new-ishop.loc/vendor/wfm/Db.php | Строка: 17
=================
[2024-09-23 10:06:07] Текст ошибки: Undefined array key "$db_port" | Файл: /Applications/MAMP/htdocs/new-ishop.loc/vendor/wfm/Db.php | Строка: 17
=================
[2024-09-23 10:06:32] Текст ошибки: Undefined array key "" | Файл: /Applications/MAMP/htdocs/new-ishop.loc/vendor/wfm/Db.php | Строка: 17
=================
[2024-09-23 10:06:33] Текст ошибки: Undefined array key "" | Файл: /Applications/MAMP/htdocs/new-ishop.loc/vendor/wfm/Db.php | Строка: 17
=================
[2024-09-23 10:06:55] Текст ошибки: Undefined array key "" | Файл: /Applications/MAMP/htdocs/new-ishop.loc/vendor/wfm/Db.php | Строка: 17
=================
[2024-09-23 10:06:55] Текст ошибки: Undefined array key "" | Файл: /Applications/MAMP/htdocs/new-ishop.loc/vendor/wfm/Db.php | Строка: 17
=================
[2024-09-23 10:07:08] Текст ошибки: syntax error, unexpected token ";", expecting ")" | Файл: /Applications/MAMP/htdocs/new-ishop.loc/vendor/wfm/Db.php | Строка: 17
=================
[2024-09-23 10:08:25] Текст ошибки: No connection to DB | Файл: /Applications/MAMP/htdocs/new-ishop.loc/vendor/wfm/Db.php | Строка: 19
=================
[2024-09-23 10:09:53] Текст ошибки: Class "wfm\PDO" not found | Файл: /Applications/MAMP/htdocs/new-ishop.loc/vendor/wfm/Db.php | Строка: 19
=================
[2024-09-23 10:10:12] Текст ошибки: Could not connect to database (newishop). | Файл: /Applications/MAMP/htdocs/new-ishop.loc/vendor/gabordemooij/redbean/RedBeanPHP/Driver/RPDO.php | Строка: 473
=================
[2024-09-23 10:23:21] Текст ошибки: Unclosed '{' on line 20 does not match ']' | Файл: /Applications/MAMP/htdocs/new-ishop.loc/vendor/wfm/Db.php | Строка: 21
=================
[2024-09-23 10:23:22] Текст ошибки: Unclosed '{' on line 20 does not match ']' | Файл: /Applications/MAMP/htdocs/new-ishop.loc/vendor/wfm/Db.php | Строка: 21
=================
[2024-09-25 12:38:19] Текст ошибки: Страница не найдена | Файл: /Applications/MAMP/htdocs/new-ishop.loc/vendor/wfm/Router.php | Строка: 63
=================
[2024-09-25 12:38:19] Текст ошибки: Страница не найдена | Файл: /Applications/MAMP/htdocs/new-ishop.loc/vendor/wfm/Router.php | Строка: 63
=================
[2024-09-25 12:38:19] Текст ошибки: Страница не найдена | Файл: /Applications/MAMP/htdocs/new-ishop.loc/vendor/wfm/Router.php | Строка: 63
=================
[2024-09-25 12:38:19] Текст ошибки: Страница не найдена | Файл: /Applications/MAMP/htdocs/new-ishop.loc/vendor/wfm/Router.php | Строка: 63
=================
[2024-09-25 12:38:19] Текст ошибки: Страница не найдена | Файл: /Applications/MAMP/htdocs/new-ishop.loc/vendor/wfm/Router.php | Строка: 63
=================
[2024-09-25 12:38:19] Текст ошибки: Страница не найдена | Файл: /Applications/MAMP/htdocs/new-ishop.loc/vendor/wfm/Router.php | Строка: 63
=================
[2024-09-25 12:38:19] Текст ошибки: Страница не найдена | Файл: /Applications/MAMP/htdocs/new-ishop.loc/vendor/wfm/Router.php | Строка: 63
=================
[2024-09-25 12:38:19] Текст ошибки: Страница не найдена | Файл: /Applications/MAMP/htdocs/new-ishop.loc/vendor/wfm/Router.php | Строка: 63
=================
[2024-09-25 12:38:19] Текст ошибки: Страница не найдена | Файл: /Applications/MAMP/htdocs/new-ishop.loc/vendor/wfm/Router.php | Строка: 63
=================
[2024-09-25 12:38:19] Текст ошибки: Страница не найдена | Файл: /Applications/MAMP/htdocs/new-ishop.loc/vendor/wfm/Router.php | Строка: 63
=================
[2024-09-25 12:38:19] Текст ошибки: Страница не найдена | Файл: /Applications/MAMP/htdocs/new-ishop.loc/vendor/wfm/Router.php | Строка: 63
=================
[2024-09-25 12:38:19] Текст ошибки: Страница не найдена | Файл: /Applications/MAMP/htdocs/new-ishop.loc/vendor/wfm/Router.php | Строка: 63
=================
[2024-09-25 12:38:19] Текст ошибки: Страница не найдена | Файл: /Applications/MAMP/htdocs/new-ishop.loc/vendor/wfm/Router.php | Строка: 63
=================
[2024-09-25 12:38:19] Текст ошибки: Страница не найдена | Файл: /Applications/MAMP/htdocs/new-ishop.loc/vendor/wfm/Router.php | Строка: 63
=================
[2024-09-25 12:38:19] Текст ошибки: Страница не найдена | Файл: /Applications/MAMP/htdocs/new-ishop.loc/vendor/wfm/Router.php | Строка: 63
=================
[2024-09-25 12:38:19] Текст ошибки: Страница не найдена | Файл: /Applications/MAMP/htdocs/new-ishop.loc/vendor/wfm/Router.php | Строка: 63
=================
[2024-09-25 12:38:19] Текст ошибки: Страница не найдена | Файл: /Applications/MAMP/htdocs/new-ishop.loc/vendor/wfm/Router.php | Строка: 63
=================
[2024-09-25 12:38:19] Текст ошибки: Страница не найдена | Файл: /Applications/MAMP/htdocs/new-ishop.loc/vendor/wfm/Router.php | Строка: 63
=================
[2024-09-25 12:38:19] Текст ошибки: Страница не найдена | Файл: /Applications/MAMP/htdocs/new-ishop.loc/vendor/wfm/Router.php | Строка: 63
=================
[2024-09-25 12:38:19] Текст ошибки: Страница не найдена | Файл: /Applications/MAMP/htdocs/new-ishop.loc/vendor/wfm/Router.php | Строка: 63
=================
[2024-09-25 12:38:19] Текст ошибки: Страница не найдена | Файл: /Applications/MAMP/htdocs/new-ishop.loc/vendor/wfm/Router.php | Строка: 63
=================
[2024-09-25 12:38:19] Текст ошибки: Страница не найдена | Файл: /Applications/MAMP/htdocs/new-ishop.loc/vendor/wfm/Router.php | Строка: 63
=================
[2024-09-25 12:38:19] Текст ошибки: Страница не найдена | Файл: /Applications/MAMP/htdocs/new-ishop.loc/vendor/wfm/Router.php | Строка: 63
=================
[2024-09-25 12:38:19] Текст ошибки: Страница не найдена | Файл: /Applications/MAMP/htdocs/new-ishop.loc/vendor/wfm/Router.php | Строка: 63
=================
[2024-09-25 12:38:19] Текст ошибки: Страница не найдена | Файл: /Applications/MAMP/htdocs/new-ishop.loc/vendor/wfm/Router.php | Строка: 63
=================
[2024-09-25 12:38:19] Текст ошибки: Страница не найдена | Файл: /Applications/MAMP/htdocs/new-ishop.loc/vendor/wfm/Router.php | Строка: 63
=================
[2024-09-25 12:38:20] Текст ошибки: Страница не найдена | Файл: /Applications/MAMP/htdocs/new-ishop.loc/vendor/wfm/Router.php | Строка: 63
=================
[2024-09-25 12:38:20] Текст ошибки: Страница не найдена | Файл: /Applications/MAMP/htdocs/new-ishop.loc/vendor/wfm/Router.php | Строка: 63
=================
[2024-09-25 12:38:20] Текст ошибки: Страница не найдена | Файл: /Applications/MAMP/htdocs/new-ishop.loc/vendor/wfm/Router.php | Строка: 63
=================
[2024-09-25 12:38:20] Текст ошибки: Страница не найдена | Файл: /Applications/MAMP/htdocs/new-ishop.loc/vendor/wfm/Router.php | Строка: 63
=================
[2024-09-25 12:38:20] Текст ошибки: Страница не найдена | Файл: /Applications/MAMP/htdocs/new-ishop.loc/vendor/wfm/Router.php | Строка: 63
=================
[2024-09-25 12:38:20] Текст ошибки: Страница не найдена | Файл: /Applications/MAMP/htdocs/new-ishop.loc/vendor/wfm/Router.php | Строка: 63
=================
[2024-09-25 12:38:20] Текст ошибки: Страница не найдена | Файл: /Applications/MAMP/htdocs/new-ishop.loc/vendor/wfm/Router.php | Строка: 63
=================
[2024-09-25 12:38:20] Текст ошибки: Страница не найдена | Файл: /Applications/MAMP/htdocs/new-ishop.loc/vendor/wfm/Router.php | Строка: 63
=================
[2024-09-25 12:38:20] Текст ошибки: Страница не найдена | Файл: /Applications/MAMP/htdocs/new-ishop.loc/vendor/wfm/Router.php | Строка: 63
=================
[2024-09-25 12:38:20] Текст ошибки: Страница не найдена | Файл: /Applications/MAMP/htdocs/new-ishop.loc/vendor/wfm/Router.php | Строка: 63
=================
[2024-09-25 12:38:20] Текст ошибки: Страница не найдена | Файл: /Applications/MAMP/htdocs/new-ishop.loc/vendor/wfm/Router.php | Строка: 63
=================
[2024-09-25 12:38:20] Текст ошибки: Страница не найдена | Файл: /Applications/MAMP/htdocs/new-ishop.loc/vendor/wfm/Router.php | Строка: 63
=================
[2024-09-25 12:38:20] Текст ошибки: Страница не найдена | Файл: /Applications/MAMP/htdocs/new-ishop.loc/vendor/wfm/Router.php | Строка: 63
=================
[2024-09-25 12:38:20] Текст ошибки: Страница не найдена | Файл: /Applications/MAMP/htdocs/new-ishop.loc/vendor/wfm/Router.php | Строка: 63
=================
[2024-09-25 12:38:20] Текст ошибки: Страница не найдена | Файл: /Applications/MAMP/htdocs/new-ishop.loc/vendor/wfm/Router.php | Строка: 63
=================
[2024-09-25 12:38:20] Текст ошибки: Страница не найдена | Файл: /Applications/MAMP/htdocs/new-ishop.loc/vendor/wfm/Router.php | Строка: 63
=================
[2024-09-25 12:38:20] Текст ошибки: Страница не найдена | Файл: /Applications/MAMP/htdocs/new-ishop.loc/vendor/wfm/Router.php | Строка: 63
=================
[2024-09-25 12:38:20] Текст ошибки: Страница не найдена | Файл: /Applications/MAMP/htdocs/new-ishop.loc/vendor/wfm/Router.php | Строка: 63
=================
[2024-09-25 12:38:20] Текст ошибки: Страница не найдена | Файл: /Applications/MAMP/htdocs/new-ishop.loc/vendor/wfm/Router.php | Строка: 63
=================
[2024-09-25 12:38:20] Текст ошибки: Страница не найдена | Файл: /Applications/MAMP/htdocs/new-ishop.loc/vendor/wfm/Router.php | Строка: 63
=================
[2024-09-25 12:38:20] Текст ошибки: Страница не найдена | Файл: /Applications/MAMP/htdocs/new-ishop.loc/vendor/wfm/Router.php | Строка: 63
=================
[2024-09-25 12:38:20] Текст ошибки: Страница не найдена | Файл: /Applications/MAMP/htdocs/new-ishop.loc/vendor/wfm/Router.php | Строка: 63
=================
[2024-09-25 12:38:20] Текст ошибки: Страница не найдена | Файл: /Applications/MAMP/htdocs/new-ishop.loc/vendor/wfm/Router.php | Строка: 63
=================
[2024-09-25 12:38:20] Текст ошибки: Страница не найдена | Файл: /Applications/MAMP/htdocs/new-ishop.loc/vendor/wfm/Router.php | Строка: 63
=================
[2024-09-25 12:38:20] Текст ошибки: Страница не найдена | Файл: /Applications/MAMP/htdocs/new-ishop.loc/vendor/wfm/Router.php | Строка: 63
=================
[2024-09-25 12:38:20] Текст ошибки: Страница не найдена | Файл: /Applications/MAMP/htdocs/new-ishop.loc/vendor/wfm/Router.php | Строка: 63
=================
[2024-09-25 12:38:20] Текст ошибки: Страница не найдена | Файл: /Applications/MAMP/htdocs/new-ishop.loc/vendor/wfm/Router.php | Строка: 63
=================
[2024-09-25 12:38:20] Текст ошибки: Страница не найдена | Файл: /Applications/MAMP/htdocs/new-ishop.loc/vendor/wfm/Router.php | Строка: 63
=================
[2024-09-25 12:38:20] Текст ошибки: Страница не найдена | Файл: /Applications/MAMP/htdocs/new-ishop.loc/vendor/wfm/Router.php | Строка: 63
=================
[2024-09-25 12:38:20] Текст ошибки: Страница не найдена | Файл: /Applications/MAMP/htdocs/new-ishop.loc/vendor/wfm/Router.php | Строка: 63
=================
[2024-09-25 12:38:20] Текст ошибки: Страница не найдена | Файл: /Applications/MAMP/htdocs/new-ishop.loc/vendor/wfm/Router.php | Строка: 63
=================
[2024-09-25 12:38:20] Текст ошибки: Страница не найдена | Файл: /Applications/MAMP/htdocs/new-ishop.loc/vendor/wfm/Router.php | Строка: 63
=================
[2024-09-25 12:38:20] Текст ошибки: Страница не найдена | Файл: /Applications/MAMP/htdocs/new-ishop.loc/vendor/wfm/Router.php | Строка: 63
=================
[2024-09-25 12:38:20] Текст ошибки: Страница не найдена | Файл: /Applications/MAMP/htdocs/new-ishop.loc/vendor/wfm/Router.php | Строка: 63
=================
[2024-09-25 12:38:20] Текст ошибки: Страница не найдена | Файл: /Applications/MAMP/htdocs/new-ishop.loc/vendor/wfm/Router.php | Строка: 63
=================
[2024-09-25 12:38:20] Текст ошибки: Страница не найдена | Файл: /Applications/MAMP/htdocs/new-ishop.loc/vendor/wfm/Router.php | Строка: 63
=================
[2024-09-25 12:38:20] Текст ошибки: Страница не найдена | Файл: /Applications/MAMP/htdocs/new-ishop.loc/vendor/wfm/Router.php | Строка: 63
=================
[2024-09-25 12:38:20] Текст ошибки: Страница не найдена | Файл: /Applications/MAMP/htdocs/new-ishop.loc/vendor/wfm/Router.php | Строка: 63
=================
[2024-09-25 12:38:20] Текст ошибки: Страница не найдена | Файл: /Applications/MAMP/htdocs/new-ishop.loc/vendor/wfm/Router.php | Строка: 63
=================
[2024-09-25 12:38:20] Текст ошибки: Страница не найдена | Файл: /Applications/MAMP/htdocs/new-ishop.loc/vendor/wfm/Router.php | Строка: 63
=================
[2024-09-25 12:38:20] Текст ошибки: Страница не найдена | Файл: /Applications/MAMP/htdocs/new-ishop.loc/vendor/wfm/Router.php | Строка: 63
=================
[2024-09-25 12:38:20] Текст ошибки: Страница не найдена | Файл: /Applications/MAMP/htdocs/new-ishop.loc/vendor/wfm/Router.php | Строка: 63
=================
[2024-09-25 12:38:20] Текст ошибки: Страница не найдена | Файл: /Applications/MAMP/htdocs/new-ishop.loc/vendor/wfm/Router.php | Строка: 63
=================
[2024-09-25 12:38:20] Текст ошибки: Страница не найдена | Файл: /Applications/MAMP/htdocs/new-ishop.loc/vendor/wfm/Router.php | Строка: 63
=================
[2024-09-25 12:38:20] Текст ошибки: Страница не найдена | Файл: /Applications/MAMP/htdocs/new-ishop.loc/vendor/wfm/Router.php | Строка: 63
=================
[2024-09-25 12:38:20] Текст ошибки: Страница не найдена | Файл: /Applications/MAMP/htdocs/new-ishop.loc/vendor/wfm/Router.php | Строка: 63
=================
[2024-09-25 12:38:20] Текст ошибки: Страница не найдена | Файл: /Applications/MAMP/htdocs/new-ishop.loc/vendor/wfm/Router.php | Строка: 63
=================
[2024-09-25 12:38:20] Текст ошибки: Страница не найдена | Файл: /Applications/MAMP/htdocs/new-ishop.loc/vendor/wfm/Router.php | Строка: 63
=================
[2024-09-25 12:38:20] Текст ошибки: Страница не найдена | Файл: /Applications/MAMP/htdocs/new-ishop.loc/vendor/wfm/Router.php | Строка: 63
=================
[2024-09-25 12:38:20] Текст ошибки: Страница не найдена | Файл: /Applications/MAMP/htdocs/new-ishop.loc/vendor/wfm/Router.php | Строка: 63
=================
[2024-09-25 12:38:20] Текст ошибки: Страница не найдена | Файл: /Applications/MAMP/htdocs/new-ishop.loc/vendor/wfm/Router.php | Строка: 63
=================
[2024-09-25 12:38:20] Текст ошибки: Страница не найдена | Файл: /Applications/MAMP/htdocs/new-ishop.loc/vendor/wfm/Router.php | Строка: 63
=================
[2024-09-25 12:38:20] Текст ошибки: Страница не найдена | Файл: /Applications/MAMP/htdocs/new-ishop.loc/vendor/wfm/Router.php | Строка: 63
=================
[2024-09-25 12:38:20] Текст ошибки: Страница не найдена | Файл: /Applications/MAMP/htdocs/new-ishop.loc/vendor/wfm/Router.php | Строка: 63
=================
[2024-09-25 12:38:20] Текст ошибки: Страница не найдена | Файл: /Applications/MAMP/htdocs/new-ishop.loc/vendor/wfm/Router.php | Строка: 63
=================
[2024-09-25 12:38:20] Текст ошибки: Страница не найдена | Файл: /Applications/MAMP/htdocs/new-ishop.loc/vendor/wfm/Router.php | Строка: 63
=================
[2024-09-25 12:38:20] Текст ошибки: Страница не найдена | Файл: /Applications/MAMP/htdocs/new-ishop.loc/vendor/wfm/Router.php | Строка: 63
=================
[2024-09-25 12:38:20] Текст ошибки: Страница не найдена | Файл: /Applications/MAMP/htdocs/new-ishop.loc/vendor/wfm/Router.php | Строка: 63
=================
[2024-09-25 12:38:20] Текст ошибки: Страница не найдена | Файл: /Applications/MAMP/htdocs/new-ishop.loc/vendor/wfm/Router.php | Строка: 63
=================
[2024-09-25 12:38:20] Текст ошибки: Страница не найдена | Файл: /Applications/MAMP/htdocs/new-ishop.loc/vendor/wfm/Router.php | Строка: 63
=================
[2024-09-25 12:38:20] Текст ошибки: Страница не найдена | Файл: /Applications/MAMP/htdocs/new-ishop.loc/vendor/wfm/Router.php | Строка: 63
=================
[2024-09-25 12:38:20] Текст ошибки: Страница не найдена | Файл: /Applications/MAMP/htdocs/new-ishop.loc/vendor/wfm/Router.php | Строка: 63
=================
[2024-09-25 12:38:20] Текст ошибки: Страница не найдена | Файл: /Applications/MAMP/htdocs/new-ishop.loc/vendor/wfm/Router.php | Строка: 63
=================
[2024-09-25 12:38:20] Текст ошибки: Страница не найдена | Файл: /Applications/MAMP/htdocs/new-ishop.loc/vendor/wfm/Router.php | Строка: 63
=================
[2024-09-25 12:38:20] Текст ошибки: Страница не найдена | Файл: /Applications/MAMP/htdocs/new-ishop.loc/vendor/wfm/Router.php | Строка: 63
=================
[2024-09-25 12:38:20] Текст ошибки: Страница не найдена | Файл: /Applications/MAMP/htdocs/new-ishop.loc/vendor/wfm/Router.php | Строка: 63
=================
[2024-09-25 12:38:20] Текст ошибки: Страница не найдена | Файл: /Applications/MAMP/htdocs/new-ishop.loc/vendor/wfm/Router.php | Строка: 63
=================
[2024-09-25 12:38:20] Текст ошибки: Страница не найдена | Файл: /Applications/MAMP/htdocs/new-ishop.loc/vendor/wfm/Router.php | Строка: 63
=================
[2024-09-25 12:38:20] Текст ошибки: Страница не найдена | Файл: /Applications/MAMP/htdocs/new-ishop.loc/vendor/wfm/Router.php | Строка: 63
=================
[2024-09-25 12:38:20] Текст ошибки: Страница не найдена | Файл: /Applications/MAMP/htdocs/new-ishop.loc/vendor/wfm/Router.php | Строка: 63
=================
[2024-09-25 12:38:20] Текст ошибки: Страница не найдена | Файл: /Applications/MAMP/htdocs/new-ishop.loc/vendor/wfm/Router.php | Строка: 63
=================
[2024-09-25 12:38:20] Текст ошибки: Страница не найдена | Файл: /Applications/MAMP/htdocs/new-ishop.loc/vendor/wfm/Router.php | Строка: 63
=================
[2024-09-25 12:38:20] Текст ошибки: Страница не найдена | Файл: /Applications/MAMP/htdocs/new-ishop.loc/vendor/wfm/Router.php | Строка: 63
=================
[2024-09-25 12:38:20] Текст ошибки: Страница не найдена | Файл: /Applications/MAMP/htdocs/new-ishop.loc/vendor/wfm/Router.php | Строка: 63
=================
[2024-09-25 12:38:20] Текст ошибки: Страница не найдена | Файл: /Applications/MAMP/htdocs/new-ishop.loc/vendor/wfm/Router.php | Строка: 63
=================
[2024-09-25 12:38:20] Текст ошибки: Страница не найдена | Файл: /Applications/MAMP/htdocs/new-ishop.loc/vendor/wfm/Router.php | Строка: 63
=================
[2024-09-25 12:38:20] Текст ошибки: Страница не найдена | Файл: /Applications/MAMP/htdocs/new-ishop.loc/vendor/wfm/Router.php | Строка: 63
=================
[2024-09-25 12:38:20] Текст ошибки: Страница не найдена | Файл: /Applications/MAMP/htdocs/new-ishop.loc/vendor/wfm/Router.php | Строка: 63
=================
[2024-09-25 12:40:52] Текст ошибки: Страница не найдена | Файл: /Applications/MAMP/htdocs/new-ishop.loc/vendor/wfm/Router.php | Строка: 63
=================
[2024-09-26 08:47:27] Текст ошибки: Не найден шаблон /Applications/MAMP/htdocs/new-ishop.loc/app/views/layouts//public.php | Файл: /Applications/MAMP/htdocs/new-ishop.loc/vendor/wfm/View.php | Строка: 46
=================
[2024-09-26 08:47:30] Текст ошибки: Не найден шаблон /Applications/MAMP/htdocs/new-ishop.loc/app/views/layouts//public.php | Файл: /Applications/MAMP/htdocs/new-ishop.loc/vendor/wfm/View.php | Строка: 46
=================
[2024-09-26 08:47:49] Текст ошибки: Не найден шаблон /Applications/MAMP/htdocs/new-ishop.loc/app/views/layouts//.php | Файл: /Applications/MAMP/htdocs/new-ishop.loc/vendor/wfm/View.php | Строка: 46
=================
